<?xml version="1.0" encoding="UTF-8"?>
<!-- Generated by org.testng.reporters.JUnitReportReporter -->
<testsuite hostname="AKSHAY-1106" failures="0" tests="1" name="com.practise.IccMatchesTest" time="42.270" errors="0" timestamp="2021-11-11T10:35:13 IST" skipped="0">
  <testcase classname="com.practise.IccMatchesTest" name="iccMatchesTest" time="42.270"/>
  <system-out/>
</testsuite> <!-- com.practise.IccMatchesTest -->
