<?xml version="1.0" encoding="UTF-8"?>
<!-- Generated by org.testng.reporters.JUnitReportReporter -->
<testsuite hostname="AKSHAY-1106" failures="0" tests="1" name="com.practise.ICCMatches" time="45.204" errors="0" timestamp="2021-11-11T10:51:19 IST" skipped="0">
  <testcase classname="com.practise.ICCMatches" name="iccMatchesTest" time="45.204"/>
  <system-out/>
</testsuite> <!-- com.practise.ICCMatches -->
