<?xml version="1.0" encoding="UTF-8"?>
<!-- Generated by org.testng.reporters.JUnitReportReporter -->
<testsuite hostname="AKSHAY-1106" failures="0" tests="1" name="com.vtiger.purchaseorder.CreatePOwithMandatoryTest" time="103.532" errors="0" timestamp="2021-11-17T16:43:52 IST" skipped="0">
  <testcase classname="com.vtiger.purchaseorder.CreatePOwithMandatoryTest" name="createPOwithMandatoryTest" time="103.532"/>
  <system-out/>
</testsuite> <!-- com.vtiger.purchaseorder.CreatePOwithMandatoryTest -->
