<?xml version="1.0" encoding="UTF-8"?>
<!-- Generated by org.testng.reporters.JUnitReportReporter -->
<testsuite hostname="AKSHAY-1106" failures="0" tests="1" name="com.practise.VtigerCreateOrganisationTest" time="10.331" errors="0" timestamp="2021-11-11T17:46:38 IST" skipped="0">
  <testcase classname="com.practise.VtigerCreateOrganisationTest" name="vTigerCreateOrganisationTest" time="10.331"/>
  <system-out/>
</testsuite> <!-- com.practise.VtigerCreateOrganisationTest -->
