<?xml version="1.0" encoding="UTF-8"?>
<!-- Generated by org.testng.reporters.JUnitReportReporter -->
<testsuite hostname="AKSHAY-1106" failures="0" tests="1" name="jdbc.practise.ExecuteUpdateTest" time="0.359" errors="0" timestamp="28 Oct 2021 06:45:04 GMT" skipped="0">
  <testcase classname="jdbc.practise.ExecuteUpdateTest" name="executeUpdateTest" time="0.359"/>
</testsuite> <!-- jdbc.practise.ExecuteUpdateTest -->
