<?xml version="1.0" encoding="UTF-8"?>
<!-- Generated by org.testng.reporters.JUnitReportReporter -->
<testsuite hostname="AKSHAY-1106" failures="0" tests="4" name="com.vtiger.purchasemodule.PurchaseModuleTest" time="256.142" errors="0" timestamp="2021-11-03T11:30:15 IST" skipped="0">
  <testcase classname="com.vtiger.purchasemodule.PurchaseModuleTest" name="createPOwithItemWOlistPrice" time="63.647"/>
  <system-out/>
  <testcase classname="com.vtiger.purchasemodule.PurchaseModuleTest" name="createPOwithItemWOqtyTest" time="57.313"/>
  <system-out>
    <![CDATA[Qty cannot be empty]]>
  </system-out>
  <testcase classname="com.vtiger.purchasemodule.PurchaseModuleTest" name="createPOwithItemQtyListPriceTest" time="85.733"/>
  <system-out/>
  <testcase classname="com.vtiger.purchasemodule.PurchaseModuleTest" name="createPOwithMandatoryExceptItemTest" time="49.449"/>
  <system-out/>
</testsuite> <!-- com.vtiger.purchasemodule.PurchaseModuleTest -->
