<?xml version="1.0" encoding="UTF-8"?>
<!-- Generated by org.testng.reporters.JUnitReportReporter -->
<testsuite hostname="AKSHAY-1106" failures="0" tests="3" name="testNG.practise.DataProviderTest" time="0.017" errors="0" timestamp="2021-11-02T17:47:56 IST" skipped="0">
  <testcase classname="testNG.practise.DataProviderTest" name="details" time="0.002"/>
  <system-out>
    <![CDATA[Name of User: Bunny And Amount in Bank: 67890]]>
  </system-out>
  <testcase classname="testNG.practise.DataProviderTest" name="details" time="0.002"/>
  <system-out>
    <![CDATA[Name of User: Sunny And Amount in Bank: 13579]]>
  </system-out>
  <testcase classname="testNG.practise.DataProviderTest" name="details" time="0.013"/>
  <system-out>
    <![CDATA[Name of User: Honey And Amount in Bank: 12345]]>
  </system-out>
</testsuite> <!-- testNG.practise.DataProviderTest -->
