<?xml version="1.0" encoding="UTF-8"?>
<!-- Generated by org.testng.reporters.JUnitReportReporter -->
<testsuite hostname="AKSHAY-1106" failures="0" tests="4" name="testNG.practise.PriorityTest" time="0.019" errors="0" timestamp="2021-11-01T16:55:49 IST" skipped="1">
  <testcase classname="testNG.practise.PriorityTest" name="create" time="0.002"/>
  <system-out/>
  <testcase classname="testNG.practise.PriorityTest" name="create" time="0.015"/>
  <system-out/>
  <testcase classname="testNG.practise.PriorityTest" name="modify" time="0.002"/>
  <system-out/>
  <testcase classname="testNG.practise.PriorityTest" name="delete">
    <skipped/>
  </testcase> <!-- delete -->
  <system-out/>
</testsuite> <!-- testNG.practise.PriorityTest -->
