<?xml version="1.0" encoding="UTF-8"?>
<!-- Generated by org.testng.reporters.JUnitReportReporter -->
<testsuite hostname="AKSHAY-1106" failures="0" tests="1" name="com.vtiger.testscripts.AddOrganisationTest" time="14.471" errors="0" timestamp="2021-11-15T15:11:16 IST" skipped="0">
  <testcase classname="com.vtiger.testscripts.AddOrganisationTest" name="addOrganisationTest" time="14.471"/>
  <system-out/>
</testsuite> <!-- com.vtiger.testscripts.AddOrganisationTest -->
