<?xml version="1.0" encoding="UTF-8"?>
<!-- Generated by org.testng.reporters.JUnitReportReporter -->
<testsuite hostname="AKSHAY-1106" failures="0" tests="1" name="DDT.practise.ReadTheDataFromPropertiesFileTest" time="0.014" errors="0" timestamp="26 Oct 2021 07:46:51 GMT" skipped="0">
  <testcase classname="DDT.practise.ReadTheDataFromPropertiesFileTest" name="readDataFromPropFileTest" time="0.014"/>
</testsuite> <!-- DDT.practise.ReadTheDataFromPropertiesFileTest -->
