<?xml version="1.0" encoding="UTF-8"?>
<!-- Generated by org.testng.reporters.JUnitReportReporter -->
<testsuite hostname="AKSHAY-1106" failures="0" tests="1" name="com.vtiger.testscripts.AddIndustryInOrganisationTest" time="71.231" errors="0" timestamp="2021-11-15T15:11:17 IST" skipped="0">
  <testcase classname="com.vtiger.testscripts.AddIndustryInOrganisationTest" name="addIndustryInOrganisationTest" time="71.231"/>
  <system-out/>
</testsuite> <!-- com.vtiger.testscripts.AddIndustryInOrganisationTest -->
