<?xml version="1.0" encoding="UTF-8"?>
<!-- Generated by org.testng.reporters.JUnitReportReporter -->
<testsuite hostname="AKSHAY-1106" failures="0" tests="1" name="ddt.practise.ReadTheDataFromJSONFileTest" time="0.016" errors="0" timestamp="2021-11-09T11:10:28 IST" skipped="0">
  <testcase classname="ddt.practise.ReadTheDataFromJSONFileTest" name="readTheDataFromJSONFileTest" time="0.016"/>
  <system-out/>
</testsuite> <!-- ddt.practise.ReadTheDataFromJSONFileTest -->
