<?xml version="1.0" encoding="UTF-8"?>
<!-- Generated by org.testng.reporters.JUnitReportReporter -->
<testsuite hostname="AKSHAY-1106" failures="0" tests="1" name="com.practise.ICCTest" time="41.500" errors="0" timestamp="2021-11-11T16:05:21 IST" skipped="0">
  <testcase classname="com.practise.ICCTest" name="icc" time="41.500"/>
  <system-out/>
</testsuite> <!-- com.practise.ICCTest -->
