<?xml version="1.0" encoding="UTF-8"?>
<!-- Generated by org.testng.reporters.JUnitReportReporter -->
<testsuite hostname="AKSHAY-1106" failures="0" tests="1" name="com.practise.OlymicTest" time="37.676" errors="0" timestamp="2021-11-11T15:38:55 IST" skipped="0">
  <testcase classname="com.practise.OlymicTest" name="olymicMedals" time="37.676"/>
  <system-out/>
</testsuite> <!-- com.practise.OlymicTest -->
