<?xml version="1.0" encoding="UTF-8"?>
<!-- Generated by org.testng.reporters.JUnitReportReporter -->
<testsuite hostname="AKSHAY-1106" failures="0" tests="2" name="testNG.practise.SampleTest" time="0.013" errors="0" timestamp="2021-11-01T11:54:01 IST" skipped="0">
  <testcase classname="testNG.practise.SampleTest" name="createOrganization" time="0.010"/>
  <system-out/>
  <testcase classname="testNG.practise.SampleTest" name="modifyOrganisation" time="0.003"/>
  <system-out/>
</testsuite> <!-- testNG.practise.SampleTest -->
