<?xml version="1.0" encoding="UTF-8"?>
<!-- Generated by org.testng.reporters.JUnitReportReporter -->
<testsuite hostname="AKSHAY-1106" failures="0" tests="1" name="jdbc.practise.ExecuteQueryTest" time="0.380" errors="0" timestamp="27 Oct 2021 11:08:57 GMT" skipped="0">
  <testcase classname="jdbc.practise.ExecuteQueryTest" name="executeQueryTest" time="0.380"/>
</testsuite> <!-- jdbc.practise.ExecuteQueryTest -->
