<?xml version="1.0" encoding="UTF-8"?>
<!-- Generated by org.testng.reporters.JUnitReportReporter -->
<testsuite hostname="AKSHAY-1106" failures="0" tests="1" name="com.practise.LenskartTest" time="74.004" errors="0" timestamp="2021-11-11T16:54:11 IST" skipped="0">
  <testcase classname="com.practise.LenskartTest" name="lenskartTest" time="74.004"/>
  <system-out/>
</testsuite> <!-- com.practise.LenskartTest -->
