<?xml version="1.0" encoding="UTF-8"?>
<!-- Generated by org.testng.reporters.JUnitReportReporter -->
<testsuite hostname="AKSHAY-1106" failures="0" tests="1" name="DDT.practise.ReadParameterFromXMLFileTest" time="0.012" errors="0" timestamp="27 Oct 2021 09:28:22 GMT" skipped="0">
  <testcase classname="DDT.practise.ReadParameterFromXMLFileTest" name="readParamFromXMLTest" time="0.012"/>
</testsuite> <!-- DDT.practise.ReadParameterFromXMLFileTest -->
