<?xml version="1.0" encoding="UTF-8"?>
<!-- Generated by org.testng.reporters.JUnitReportReporter -->
<testsuite hostname="AKSHAY-1106" failures="0" tests="1" name="com.practise.WebTableInVtigerTest" time="12.413" errors="0" timestamp="2021-11-10T17:50:33 IST" skipped="0">
  <testcase classname="com.practise.WebTableInVtigerTest" name="webTableInVtigerTest" time="12.413"/>
  <system-out/>
</testsuite> <!-- com.practise.WebTableInVtigerTest -->
