<?xml version="1.0" encoding="UTF-8"?>
<!-- Generated by org.testng.reporters.JUnitReportReporter -->
<testsuite hostname="AKSHAY-1106" failures="0" tests="1" name="jdbc.practise.VerifyTheTableTest" time="0.265" errors="0" timestamp="28 Oct 2021 06:35:36 GMT" skipped="0">
  <testcase classname="jdbc.practise.VerifyTheTableTest" name="verifyTheTableTest" time="0.265"/>
</testsuite> <!-- jdbc.practise.VerifyTheTableTest -->
